app/build/intermediates/manifest_merge_blame_file/debug/manifest-merger-blame-debug-report.txt
1<?xml version="1.0" encoding="utf-8"?>
2<manifest xmlns:android="http://schemas.android.com/apk/res/android"
3    package="com.example.easycooking"
4    android:versionCode="1"
5    android:versionName="1.0" >
6
7    <uses-sdk
8        android:minSdkVersion="23"
8-->src\main\AndroidManifest.xml
9        android:targetSdkVersion="29" />
9-->src\main\AndroidManifest.xml
10
11    <uses-permission android:name="android.permission.INTERNET" />
11-->src\main\AndroidManifest.xml:6:5-67
11-->src\main\AndroidManifest.xml:6:22-64
12    <uses-permission android:name="android.permission.ACCESS_MEDIA_LOCATION" />
12-->src\main\AndroidManifest.xml:7:5-80
12-->src\main\AndroidManifest.xml:7:22-77
13    <uses-permission android:name="android.permission.MEDIA_CONTENT_CONTROL" />
13-->src\main\AndroidManifest.xml:8:5-10:47
13-->src\main\AndroidManifest.xml:9:9-64
14
15    <!-- Although the *SdkVersion is captured in gradle build files, this is required for non gradle builds -->
16    <!-- <uses-sdk android:minSdkVersion="14" /> -->
17    <uses-permission android:name="android.permission.ACCESS_NETWORK_STATE" />
17-->[com.google.firebase:firebase-firestore:22.1.2] AndroidManifest.xml:13:5-79
17-->[com.google.firebase:firebase-firestore:22.1.2] AndroidManifest.xml:13:22-76
18    <uses-permission android:name="com.google.android.finsky.permission.BIND_GET_INSTALL_REFERRER_SERVICE" />
18-->[com.android.installreferrer:installreferrer:1.0] AndroidManifest.xml:9:5-110
18-->[com.android.installreferrer:installreferrer:1.0] AndroidManifest.xml:9:22-107
19
20    <application
20-->src\main\AndroidManifest.xml:12:5-45:19
21        android:name="com.example.easycooking.DB.DispensaApplication"
21-->src\main\AndroidManifest.xml:13:9-47
22        android:allowBackup="true"
22-->src\main\AndroidManifest.xml:14:9-35
23        android:appComponentFactory="androidx.core.app.CoreComponentFactory"
23-->[androidx.core:core:1.3.2] AndroidManifest.xml:24:18-86
24        android:debuggable="true"
25        android:extractNativeLibs="false"
26        android:icon="@mipmap/ic_launcher"
26-->src\main\AndroidManifest.xml:15:9-43
27        android:label="@string/app_name"
27-->src\main\AndroidManifest.xml:16:9-41
28        android:roundIcon="@mipmap/ic_launcher_round"
28-->src\main\AndroidManifest.xml:17:9-54
29        android:supportsRtl="true"
29-->src\main\AndroidManifest.xml:18:9-35
30        android:testOnly="true"
31        android:theme="@style/Theme.EasyCooking"
31-->src\main\AndroidManifest.xml:19:9-49
32        android:usesCleartextTraffic="true" >
32-->src\main\AndroidManifest.xml:20:9-44
33        <activity android:name="com.example.easycooking.auth.ResetPassword" />
33-->src\main\AndroidManifest.xml:21:9-65
33-->src\main\AndroidManifest.xml:21:19-53
34        <activity android:name="com.example.easycooking.view.Activity_ricettaTua" />
34-->src\main\AndroidManifest.xml:22:9-62
34-->src\main\AndroidManifest.xml:22:19-59
35        <activity android:name="com.example.easycooking.adapter.ricetta.Scatta" />
35-->src\main\AndroidManifest.xml:23:9-60
35-->src\main\AndroidManifest.xml:23:19-57
36        <activity android:name="com.example.easycooking.adapter.ricetta.Inserisci_ricetta" />
36-->src\main\AndroidManifest.xml:24:9-71
36-->src\main\AndroidManifest.xml:24:19-68
37        <activity android:name="com.example.easycooking.view.Activity_gestione" />
37-->src\main\AndroidManifest.xml:25:9-60
37-->src\main\AndroidManifest.xml:25:19-57
38        <activity android:name="com.example.easycooking.view.Activity_inserisci_dispensa" />
38-->src\main\AndroidManifest.xml:26:9-70
38-->src\main\AndroidManifest.xml:26:19-67
39        <activity android:name="com.example.easycooking.view.Activity_ricetta" />
39-->src\main\AndroidManifest.xml:27:9-59
39-->src\main\AndroidManifest.xml:27:19-56
40        <activity android:name="com.example.easycooking.spesa.Activity_compra" />
40-->src\main\AndroidManifest.xml:28:9-59
40-->src\main\AndroidManifest.xml:28:19-56
41        <activity android:name="com.example.easycooking.view.Base_nonReg" />
41-->src\main\AndroidManifest.xml:29:9-54
41-->src\main\AndroidManifest.xml:29:19-51
42        <activity android:name="com.example.easycooking.auth.RegistrationActivity" />
42-->src\main\AndroidManifest.xml:30:9-63
42-->src\main\AndroidManifest.xml:30:19-60
43        <activity android:name="com.example.easycooking.view.Base" />
43-->src\main\AndroidManifest.xml:31:9-47
43-->src\main\AndroidManifest.xml:31:19-44
44        <activity android:name="com.example.easycooking.view.Ricetta_del_giorno" />
44-->src\main\AndroidManifest.xml:32:9-61
44-->src\main\AndroidManifest.xml:32:19-58
45        <activity android:name="com.example.easycooking.view.Ispirami" />
45-->src\main\AndroidManifest.xml:33:9-51
45-->src\main\AndroidManifest.xml:33:19-48
46        <activity android:name="com.example.easycooking.MainActivity" >
46-->src\main\AndroidManifest.xml:34:9-40:20
46-->src\main\AndroidManifest.xml:34:19-47
47            <intent-filter>
47-->src\main\AndroidManifest.xml:35:13-39:29
48                <action android:name="android.intent.action.MAIN" />
48-->src\main\AndroidManifest.xml:36:17-69
48-->src\main\AndroidManifest.xml:36:25-66
49
50                <category android:name="android.intent.category.LAUNCHER" />
50-->src\main\AndroidManifest.xml:38:17-77
50-->src\main\AndroidManifest.xml:38:27-74
51            </intent-filter>
52        </activity>
53
54        <meta-data
54-->src\main\AndroidManifest.xml:42:9-44:57
55            android:name="preloaded_fonts"
55-->src\main\AndroidManifest.xml:43:13-43
56            android:resource="@array/preloaded_fonts" />
56-->src\main\AndroidManifest.xml:44:13-54
57
58        <service
58-->[com.google.firebase:firebase-firestore-ktx:22.1.2] AndroidManifest.xml:12:9-18:19
59            android:name="com.google.firebase.components.ComponentDiscoveryService"
59-->[com.google.firebase:firebase-firestore-ktx:22.1.2] AndroidManifest.xml:13:13-84
60            android:directBootAware="true"
60-->[com.google.firebase:firebase-common:19.5.0] AndroidManifest.xml:35:13-43
61            android:exported="false" >
61-->[com.google.firebase:firebase-firestore-ktx:22.1.2] AndroidManifest.xml:14:13-37
62            <meta-data
62-->[com.google.firebase:firebase-firestore-ktx:22.1.2] AndroidManifest.xml:15:13-17:85
63                android:name="com.google.firebase.components:com.google.firebase.firestore.ktx.FirebaseFirestoreKtxRegistrar"
63-->[com.google.firebase:firebase-firestore-ktx:22.1.2] AndroidManifest.xml:16:17-126
64                android:value="com.google.firebase.components.ComponentRegistrar" />
64-->[com.google.firebase:firebase-firestore-ktx:22.1.2] AndroidManifest.xml:17:17-82
65            <meta-data
65-->[com.google.firebase:firebase-firestore:22.1.2] AndroidManifest.xml:20:13-22:85
66                android:name="com.google.firebase.components:com.google.firebase.firestore.FirestoreRegistrar"
66-->[com.google.firebase:firebase-firestore:22.1.2] AndroidManifest.xml:21:17-111
67                android:value="com.google.firebase.components.ComponentRegistrar" />
67-->[com.google.firebase:firebase-firestore:22.1.2] AndroidManifest.xml:22:17-82
68            <meta-data
68-->[com.google.firebase:firebase-storage-ktx:19.2.2] AndroidManifest.xml:15:13-17:85
69                android:name="com.google.firebase.components:com.google.firebase.storage.ktx.FirebaseStorageKtxRegistrar"
69-->[com.google.firebase:firebase-storage-ktx:19.2.2] AndroidManifest.xml:16:17-122
70                android:value="com.google.firebase.components.ComponentRegistrar" />
70-->[com.google.firebase:firebase-storage-ktx:19.2.2] AndroidManifest.xml:17:17-82
71            <meta-data
71-->[com.google.firebase:firebase-database-ktx:19.7.0] AndroidManifest.xml:15:13-17:85
72                android:name="com.google.firebase.components:com.google.firebase.database.ktx.FirebaseDatabaseKtxRegistrar"
72-->[com.google.firebase:firebase-database-ktx:19.7.0] AndroidManifest.xml:16:17-124
73                android:value="com.google.firebase.components.ComponentRegistrar" />
73-->[com.google.firebase:firebase-database-ktx:19.7.0] AndroidManifest.xml:17:17-82
74            <meta-data
74-->[com.google.firebase:firebase-auth-ktx:20.0.4] AndroidManifest.xml:11:13-13:85
75                android:name="com.google.firebase.components:com.google.firebase.auth.ktx.FirebaseAuthKtxRegistrar"
75-->[com.google.firebase:firebase-auth-ktx:20.0.4] AndroidManifest.xml:12:17-116
76                android:value="com.google.firebase.components.ComponentRegistrar" />
76-->[com.google.firebase:firebase-auth-ktx:20.0.4] AndroidManifest.xml:13:17-82
77            <meta-data
77-->[com.google.firebase:firebase-common-ktx:19.5.0] AndroidManifest.xml:15:13-17:85
78                android:name="com.google.firebase.components:com.google.firebase.ktx.FirebaseCommonKtxRegistrar"
78-->[com.google.firebase:firebase-common-ktx:19.5.0] AndroidManifest.xml:16:17-113
79                android:value="com.google.firebase.components.ComponentRegistrar" />
79-->[com.google.firebase:firebase-common-ktx:19.5.0] AndroidManifest.xml:17:17-82
80            <meta-data
80-->[com.google.firebase:firebase-auth:20.0.4] AndroidManifest.xml:77:13-79:85
81                android:name="com.google.firebase.components:com.google.firebase.auth.FirebaseAuthRegistrar"
81-->[com.google.firebase:firebase-auth:20.0.4] AndroidManifest.xml:78:17-109
82                android:value="com.google.firebase.components.ComponentRegistrar" />
82-->[com.google.firebase:firebase-auth:20.0.4] AndroidManifest.xml:79:17-82
83            <meta-data
83-->[com.google.firebase:firebase-storage:19.2.2] AndroidManifest.xml:33:13-35:85
84                android:name="com.google.firebase.components:com.google.firebase.storage.StorageRegistrar"
84-->[com.google.firebase:firebase-storage:19.2.2] AndroidManifest.xml:34:17-107
85                android:value="com.google.firebase.components.ComponentRegistrar" />
85-->[com.google.firebase:firebase-storage:19.2.2] AndroidManifest.xml:35:17-82
86            <meta-data
86-->[com.google.firebase:firebase-database:19.7.0] AndroidManifest.xml:32:13-34:85
87                android:name="com.google.firebase.components:com.google.firebase.database.DatabaseRegistrar"
87-->[com.google.firebase:firebase-database:19.7.0] AndroidManifest.xml:33:17-109
88                android:value="com.google.firebase.components.ComponentRegistrar" />
88-->[com.google.firebase:firebase-database:19.7.0] AndroidManifest.xml:34:17-82
89            <!--
90                This registrar is not defined in the dynamic-module-support sdk itself to allow non-firebase
91                clients to use it as well, by defining this registrar in their own core/common library.
92            -->
93            <meta-data
93-->[com.google.firebase:firebase-common:19.5.0] AndroidManifest.xml:43:13-45:85
94                android:name="com.google.firebase.components:com.google.firebase.dynamicloading.DynamicLoadingRegistrar"
94-->[com.google.firebase:firebase-common:19.5.0] AndroidManifest.xml:44:17-121
95                android:value="com.google.firebase.components.ComponentRegistrar" />
95-->[com.google.firebase:firebase-common:19.5.0] AndroidManifest.xml:45:17-82
96        </service>
97
98        <meta-data
98-->[com.firebaseui:firebase-ui-auth:7.1.1] AndroidManifest.xml:16:9-18:69
99            android:name="com.google.android.gms.version"
99-->[com.firebaseui:firebase-ui-auth:7.1.1] AndroidManifest.xml:17:13-58
100            android:value="@integer/google_play_services_version" />
100-->[com.firebaseui:firebase-ui-auth:7.1.1] AndroidManifest.xml:18:13-66
101        <meta-data
101-->[com.firebaseui:firebase-ui-auth:7.1.1] AndroidManifest.xml:19:9-21:63
102            android:name="com.facebook.sdk.ApplicationId"
102-->[com.firebaseui:firebase-ui-auth:7.1.1] AndroidManifest.xml:20:13-58
103            android:value="@string/facebook_application_id" />
103-->[com.firebaseui:firebase-ui-auth:7.1.1] AndroidManifest.xml:21:13-60
104
105        <activity
105-->[com.firebaseui:firebase-ui-auth:7.1.1] AndroidManifest.xml:23:9-27:61
106            android:name="com.firebase.ui.auth.KickoffActivity"
106-->[com.firebaseui:firebase-ui-auth:7.1.1] AndroidManifest.xml:24:13-64
107            android:exported="false"
107-->[com.firebaseui:firebase-ui-auth:7.1.1] AndroidManifest.xml:25:13-37
108            android:label=""
108-->[com.firebaseui:firebase-ui-auth:7.1.1] AndroidManifest.xml:26:13-29
109            android:theme="@style/FirebaseUI.Transparent" />
109-->[com.firebaseui:firebase-ui-auth:7.1.1] AndroidManifest.xml:27:13-58
110        <activity
110-->[com.firebaseui:firebase-ui-auth:7.1.1] AndroidManifest.xml:28:9-32:61
111            android:name="com.firebase.ui.auth.ui.idp.SingleSignInActivity"
111-->[com.firebaseui:firebase-ui-auth:7.1.1] AndroidManifest.xml:29:13-76
112            android:exported="false"
112-->[com.firebaseui:firebase-ui-auth:7.1.1] AndroidManifest.xml:30:13-37
113            android:label=""
113-->[com.firebaseui:firebase-ui-auth:7.1.1] AndroidManifest.xml:31:13-29
114            android:theme="@style/FirebaseUI.Transparent" />
114-->[com.firebaseui:firebase-ui-auth:7.1.1] AndroidManifest.xml:32:13-58
115        <activity
115-->[com.firebaseui:firebase-ui-auth:7.1.1] AndroidManifest.xml:33:9-37:61
116            android:name="com.firebase.ui.auth.ui.credentials.CredentialSaveActivity"
116-->[com.firebaseui:firebase-ui-auth:7.1.1] AndroidManifest.xml:34:13-86
117            android:exported="false"
117-->[com.firebaseui:firebase-ui-auth:7.1.1] AndroidManifest.xml:35:13-37
118            android:label=""
118-->[com.firebaseui:firebase-ui-auth:7.1.1] AndroidManifest.xml:36:13-29
119            android:theme="@style/FirebaseUI.Transparent" />
119-->[com.firebaseui:firebase-ui-auth:7.1.1] AndroidManifest.xml:37:13-58
120        <activity
120-->[com.firebaseui:firebase-ui-auth:7.1.1] AndroidManifest.xml:38:9-42:58
121            android:name="com.firebase.ui.auth.ui.email.RecoverPasswordActivity"
121-->[com.firebaseui:firebase-ui-auth:7.1.1] AndroidManifest.xml:39:13-81
122            android:exported="false"
122-->[com.firebaseui:firebase-ui-auth:7.1.1] AndroidManifest.xml:40:13-37
123            android:label="@string/fui_title_recover_password_activity"
123-->[com.firebaseui:firebase-ui-auth:7.1.1] AndroidManifest.xml:41:13-72
124            android:windowSoftInputMode="adjustResize" />
124-->[com.firebaseui:firebase-ui-auth:7.1.1] AndroidManifest.xml:42:13-55
125        <activity
125-->[com.firebaseui:firebase-ui-auth:7.1.1] AndroidManifest.xml:43:9-47:58
126            android:name="com.firebase.ui.auth.ui.email.EmailActivity"
126-->[com.firebaseui:firebase-ui-auth:7.1.1] AndroidManifest.xml:44:13-71
127            android:exported="false"
127-->[com.firebaseui:firebase-ui-auth:7.1.1] AndroidManifest.xml:45:13-37
128            android:label="@string/fui_sign_in_default"
128-->[com.firebaseui:firebase-ui-auth:7.1.1] AndroidManifest.xml:46:13-56
129            android:windowSoftInputMode="adjustResize" />
129-->[com.firebaseui:firebase-ui-auth:7.1.1] AndroidManifest.xml:47:13-55
130        <activity
130-->[com.firebaseui:firebase-ui-auth:7.1.1] AndroidManifest.xml:48:9-52:77
131            android:name="com.firebase.ui.auth.ui.phone.PhoneActivity"
131-->[com.firebaseui:firebase-ui-auth:7.1.1] AndroidManifest.xml:49:13-71
132            android:exported="false"
132-->[com.firebaseui:firebase-ui-auth:7.1.1] AndroidManifest.xml:50:13-37
133            android:label="@string/fui_sign_in_with_phone_number"
133-->[com.firebaseui:firebase-ui-auth:7.1.1] AndroidManifest.xml:51:13-66
134            android:windowSoftInputMode="adjustResize|stateAlwaysVisible" />
134-->[com.firebaseui:firebase-ui-auth:7.1.1] AndroidManifest.xml:52:13-74
135        <activity
135-->[com.firebaseui:firebase-ui-auth:7.1.1] AndroidManifest.xml:53:9-57:58
136            android:name="com.firebase.ui.auth.ui.idp.WelcomeBackIdpPrompt"
136-->[com.firebaseui:firebase-ui-auth:7.1.1] AndroidManifest.xml:54:13-76
137            android:exported="false"
137-->[com.firebaseui:firebase-ui-auth:7.1.1] AndroidManifest.xml:55:13-37
138            android:label="@string/fui_title_welcome_back_idp_prompt"
138-->[com.firebaseui:firebase-ui-auth:7.1.1] AndroidManifest.xml:56:13-70
139            android:windowSoftInputMode="adjustResize" />
139-->[com.firebaseui:firebase-ui-auth:7.1.1] AndroidManifest.xml:57:13-55
140        <activity
140-->[com.firebaseui:firebase-ui-auth:7.1.1] AndroidManifest.xml:58:9-62:58
141            android:name="com.firebase.ui.auth.ui.email.WelcomeBackPasswordPrompt"
141-->[com.firebaseui:firebase-ui-auth:7.1.1] AndroidManifest.xml:59:13-83
142            android:exported="false"
142-->[com.firebaseui:firebase-ui-auth:7.1.1] AndroidManifest.xml:60:13-37
143            android:label="@string/fui_title_welcome_back_password_prompt"
143-->[com.firebaseui:firebase-ui-auth:7.1.1] AndroidManifest.xml:61:13-75
144            android:windowSoftInputMode="adjustResize" />
144-->[com.firebaseui:firebase-ui-auth:7.1.1] AndroidManifest.xml:62:13-55
145        <activity
145-->[com.firebaseui:firebase-ui-auth:7.1.1] AndroidManifest.xml:63:9-67:58
146            android:name="com.firebase.ui.auth.ui.email.WelcomeBackEmailLinkPrompt"
146-->[com.firebaseui:firebase-ui-auth:7.1.1] AndroidManifest.xml:64:13-84
147            android:exported="false"
147-->[com.firebaseui:firebase-ui-auth:7.1.1] AndroidManifest.xml:65:13-37
148            android:label="@string/fui_title_welcome_back_password_prompt"
148-->[com.firebaseui:firebase-ui-auth:7.1.1] AndroidManifest.xml:66:13-75
149            android:windowSoftInputMode="adjustResize" />
149-->[com.firebaseui:firebase-ui-auth:7.1.1] AndroidManifest.xml:67:13-55
150        <activity
150-->[com.firebaseui:firebase-ui-auth:7.1.1] AndroidManifest.xml:68:9-73:58
151            android:name="com.firebase.ui.auth.ui.email.EmailLinkCatcherActivity"
151-->[com.firebaseui:firebase-ui-auth:7.1.1] AndroidManifest.xml:69:13-82
152            android:exported="false"
152-->[com.firebaseui:firebase-ui-auth:7.1.1] AndroidManifest.xml:70:13-37
153            android:label=""
153-->[com.firebaseui:firebase-ui-auth:7.1.1] AndroidManifest.xml:71:13-29
154            android:theme="@style/FirebaseUI.Transparent"
154-->[com.firebaseui:firebase-ui-auth:7.1.1] AndroidManifest.xml:72:13-58
155            android:windowSoftInputMode="adjustResize" />
155-->[com.firebaseui:firebase-ui-auth:7.1.1] AndroidManifest.xml:73:13-55
156        <activity
156-->[com.firebaseui:firebase-ui-auth:7.1.1] AndroidManifest.xml:74:9-78:58
157            android:name="com.firebase.ui.auth.ui.email.EmailLinkErrorRecoveryActivity"
157-->[com.firebaseui:firebase-ui-auth:7.1.1] AndroidManifest.xml:75:13-88
158            android:exported="false"
158-->[com.firebaseui:firebase-ui-auth:7.1.1] AndroidManifest.xml:76:13-37
159            android:label="@string/fui_sign_in_default"
159-->[com.firebaseui:firebase-ui-auth:7.1.1] AndroidManifest.xml:77:13-56
160            android:windowSoftInputMode="adjustResize" />
160-->[com.firebaseui:firebase-ui-auth:7.1.1] AndroidManifest.xml:78:13-55
161        <activity
161-->[com.firebaseui:firebase-ui-auth:7.1.1] AndroidManifest.xml:79:9-82:65
162            android:name="com.firebase.ui.auth.ui.idp.AuthMethodPickerActivity"
162-->[com.firebaseui:firebase-ui-auth:7.1.1] AndroidManifest.xml:80:13-80
163            android:exported="false"
163-->[com.firebaseui:firebase-ui-auth:7.1.1] AndroidManifest.xml:81:13-37
164            android:label="@string/fui_default_toolbar_title" />
164-->[com.firebaseui:firebase-ui-auth:7.1.1] AndroidManifest.xml:82:13-62
165        <activity
165-->[com.firebaseui:firebase-ui-auth:7.1.1] AndroidManifest.xml:83:9-87:48
166            android:name="com.facebook.FacebookActivity"
166-->[com.firebaseui:firebase-ui-auth:7.1.1] AndroidManifest.xml:84:13-57
167            android:configChanges="keyboard|keyboardHidden|screenLayout|screenSize|orientation"
167-->[com.firebaseui:firebase-ui-auth:7.1.1] AndroidManifest.xml:85:13-96
168            android:label="@string/app_name"
168-->[com.firebaseui:firebase-ui-auth:7.1.1] AndroidManifest.xml:86:13-45
169            android:theme="@style/com_facebook_activity_theme" />
169-->[com.facebook.android:facebook-common:8.1.0] AndroidManifest.xml:33:13-63
170        <activity
170-->[com.firebaseui:firebase-ui-auth:7.1.1] AndroidManifest.xml:88:9-100:20
171            android:name="com.facebook.CustomTabActivity"
171-->[com.firebaseui:firebase-ui-auth:7.1.1] AndroidManifest.xml:89:13-58
172            android:exported="true" >
172-->[com.firebaseui:firebase-ui-auth:7.1.1] AndroidManifest.xml:90:13-36
173            <intent-filter>
173-->[com.firebaseui:firebase-ui-auth:7.1.1] AndroidManifest.xml:92:13-99:29
174                <action android:name="android.intent.action.VIEW" />
174-->[com.firebaseui:firebase-ui-auth:7.1.1] AndroidManifest.xml:93:17-69
174-->[com.firebaseui:firebase-ui-auth:7.1.1] AndroidManifest.xml:93:25-66
175
176                <category android:name="android.intent.category.DEFAULT" />
176-->[com.firebaseui:firebase-ui-auth:7.1.1] AndroidManifest.xml:95:17-76
176-->[com.firebaseui:firebase-ui-auth:7.1.1] AndroidManifest.xml:95:27-73
177                <category android:name="android.intent.category.BROWSABLE" />
177-->[com.firebaseui:firebase-ui-auth:7.1.1] AndroidManifest.xml:96:17-78
177-->[com.firebaseui:firebase-ui-auth:7.1.1] AndroidManifest.xml:96:27-75
178
179                <data android:scheme="@string/facebook_login_protocol_scheme" />
179-->[com.firebaseui:firebase-ui-auth:7.1.1] AndroidManifest.xml:98:17-81
179-->[com.firebaseui:firebase-ui-auth:7.1.1] AndroidManifest.xml:98:23-78
180            </intent-filter>
181            <intent-filter>
181-->[com.facebook.android:facebook-common:8.1.0] AndroidManifest.xml:39:13-48:29
182                <action android:name="android.intent.action.VIEW" />
182-->[com.firebaseui:firebase-ui-auth:7.1.1] AndroidManifest.xml:93:17-69
182-->[com.firebaseui:firebase-ui-auth:7.1.1] AndroidManifest.xml:93:25-66
183
184                <category android:name="android.intent.category.DEFAULT" />
184-->[com.firebaseui:firebase-ui-auth:7.1.1] AndroidManifest.xml:95:17-76
184-->[com.firebaseui:firebase-ui-auth:7.1.1] AndroidManifest.xml:95:27-73
185                <category android:name="android.intent.category.BROWSABLE" />
185-->[com.firebaseui:firebase-ui-auth:7.1.1] AndroidManifest.xml:96:17-78
185-->[com.firebaseui:firebase-ui-auth:7.1.1] AndroidManifest.xml:96:27-75
186
187                <data
187-->[com.firebaseui:firebase-ui-auth:7.1.1] AndroidManifest.xml:98:17-81
188                    android:host="cct.com.example.easycooking"
189                    android:scheme="fbconnect" />
189-->[com.firebaseui:firebase-ui-auth:7.1.1] AndroidManifest.xml:98:23-78
190            </intent-filter>
191        </activity>
192
193        <provider
193-->[com.firebaseui:firebase-ui-auth:7.1.1] AndroidManifest.xml:102:9-106:38
194            android:name="com.firebase.ui.auth.data.client.AuthUiInitProvider"
194-->[com.firebaseui:firebase-ui-auth:7.1.1] AndroidManifest.xml:103:13-79
195            android:authorities="com.example.easycooking.authuiinitprovider"
195-->[com.firebaseui:firebase-ui-auth:7.1.1] AndroidManifest.xml:104:13-70
196            android:exported="false"
196-->[com.firebaseui:firebase-ui-auth:7.1.1] AndroidManifest.xml:105:13-37
197            android:initOrder="90" />
197-->[com.firebaseui:firebase-ui-auth:7.1.1] AndroidManifest.xml:106:13-35
198
199        <activity android:name="com.facebook.CustomTabMainActivity" />
199-->[com.facebook.android:facebook-common:8.1.0] AndroidManifest.xml:34:9-71
199-->[com.facebook.android:facebook-common:8.1.0] AndroidManifest.xml:34:19-68
200        <activity
200-->[com.google.firebase:firebase-auth:20.0.4] AndroidManifest.xml:27:9-44:20
201            android:name="com.google.firebase.auth.internal.GenericIdpActivity"
201-->[com.google.firebase:firebase-auth:20.0.4] AndroidManifest.xml:28:13-80
202            android:excludeFromRecents="true"
202-->[com.google.firebase:firebase-auth:20.0.4] AndroidManifest.xml:29:13-46
203            android:exported="true"
203-->[com.google.firebase:firebase-auth:20.0.4] AndroidManifest.xml:30:13-36
204            android:launchMode="singleTask"
204-->[com.google.firebase:firebase-auth:20.0.4] AndroidManifest.xml:31:13-44
205            android:theme="@android:style/Theme.Translucent.NoTitleBar" >
205-->[com.google.firebase:firebase-auth:20.0.4] AndroidManifest.xml:32:13-72
206            <intent-filter>
206-->[com.google.firebase:firebase-auth:20.0.4] AndroidManifest.xml:33:13-43:29
207                <action android:name="android.intent.action.VIEW" />
207-->[com.firebaseui:firebase-ui-auth:7.1.1] AndroidManifest.xml:93:17-69
207-->[com.firebaseui:firebase-ui-auth:7.1.1] AndroidManifest.xml:93:25-66
208
209                <category android:name="android.intent.category.DEFAULT" />
209-->[com.firebaseui:firebase-ui-auth:7.1.1] AndroidManifest.xml:95:17-76
209-->[com.firebaseui:firebase-ui-auth:7.1.1] AndroidManifest.xml:95:27-73
210                <category android:name="android.intent.category.BROWSABLE" />
210-->[com.firebaseui:firebase-ui-auth:7.1.1] AndroidManifest.xml:96:17-78
210-->[com.firebaseui:firebase-ui-auth:7.1.1] AndroidManifest.xml:96:27-75
211
212                <data
212-->[com.firebaseui:firebase-ui-auth:7.1.1] AndroidManifest.xml:98:17-81
213                    android:host="firebase.auth"
214                    android:path="/"
215                    android:scheme="genericidp" />
215-->[com.firebaseui:firebase-ui-auth:7.1.1] AndroidManifest.xml:98:23-78
216            </intent-filter>
217        </activity>
218        <activity
218-->[com.google.firebase:firebase-auth:20.0.4] AndroidManifest.xml:45:9-62:20
219            android:name="com.google.firebase.auth.internal.RecaptchaActivity"
219-->[com.google.firebase:firebase-auth:20.0.4] AndroidManifest.xml:46:13-79
220            android:excludeFromRecents="true"
220-->[com.google.firebase:firebase-auth:20.0.4] AndroidManifest.xml:47:13-46
221            android:exported="true"
221-->[com.google.firebase:firebase-auth:20.0.4] AndroidManifest.xml:48:13-36
222            android:launchMode="singleTask"
222-->[com.google.firebase:firebase-auth:20.0.4] AndroidManifest.xml:49:13-44
223            android:theme="@android:style/Theme.Translucent.NoTitleBar" >
223-->[com.google.firebase:firebase-auth:20.0.4] AndroidManifest.xml:50:13-72
224            <intent-filter>
224-->[com.google.firebase:firebase-auth:20.0.4] AndroidManifest.xml:51:13-61:29
225                <action android:name="android.intent.action.VIEW" />
225-->[com.firebaseui:firebase-ui-auth:7.1.1] AndroidManifest.xml:93:17-69
225-->[com.firebaseui:firebase-ui-auth:7.1.1] AndroidManifest.xml:93:25-66
226
227                <category android:name="android.intent.category.DEFAULT" />
227-->[com.firebaseui:firebase-ui-auth:7.1.1] AndroidManifest.xml:95:17-76
227-->[com.firebaseui:firebase-ui-auth:7.1.1] AndroidManifest.xml:95:27-73
228                <category android:name="android.intent.category.BROWSABLE" />
228-->[com.firebaseui:firebase-ui-auth:7.1.1] AndroidManifest.xml:96:17-78
228-->[com.firebaseui:firebase-ui-auth:7.1.1] AndroidManifest.xml:96:27-75
229
230                <data
230-->[com.firebaseui:firebase-ui-auth:7.1.1] AndroidManifest.xml:98:17-81
231                    android:host="firebase.auth"
232                    android:path="/"
233                    android:scheme="recaptcha" />
233-->[com.firebaseui:firebase-ui-auth:7.1.1] AndroidManifest.xml:98:23-78
234            </intent-filter>
235        </activity>
236
237        <service
237-->[com.google.firebase:firebase-auth:20.0.4] AndroidManifest.xml:64:9-73:19
238            android:name="com.google.firebase.auth.api.fallback.service.FirebaseAuthFallbackService"
238-->[com.google.firebase:firebase-auth:20.0.4] AndroidManifest.xml:65:13-101
239            android:enabled="true"
239-->[com.google.firebase:firebase-auth:20.0.4] AndroidManifest.xml:66:13-35
240            android:exported="false" >
240-->[com.google.firebase:firebase-auth:20.0.4] AndroidManifest.xml:67:13-37
241            <intent-filter>
241-->[com.google.firebase:firebase-auth:20.0.4] AndroidManifest.xml:68:13-72:29
242                <action android:name="com.google.firebase.auth.api.gms.service.START" />
242-->[com.google.firebase:firebase-auth:20.0.4] AndroidManifest.xml:69:17-89
242-->[com.google.firebase:firebase-auth:20.0.4] AndroidManifest.xml:69:25-86
243
244                <category android:name="android.intent.category.DEFAULT" />
244-->[com.firebaseui:firebase-ui-auth:7.1.1] AndroidManifest.xml:95:17-76
244-->[com.firebaseui:firebase-ui-auth:7.1.1] AndroidManifest.xml:95:27-73
245            </intent-filter>
246        </service>
247
248        <activity
248-->[com.google.android.gms:play-services-auth:19.0.0] AndroidManifest.xml:23:9-27:75
249            android:name="com.google.android.gms.auth.api.signin.internal.SignInHubActivity"
249-->[com.google.android.gms:play-services-auth:19.0.0] AndroidManifest.xml:24:13-93
250            android:excludeFromRecents="true"
250-->[com.google.android.gms:play-services-auth:19.0.0] AndroidManifest.xml:25:13-46
251            android:exported="false"
251-->[com.google.android.gms:play-services-auth:19.0.0] AndroidManifest.xml:26:13-37
252            android:theme="@android:style/Theme.Translucent.NoTitleBar" />
252-->[com.google.android.gms:play-services-auth:19.0.0] AndroidManifest.xml:27:13-72
253        <!--
254            Service handling Google Sign-In user revocation. For apps that do not integrate with
255            Google Sign-In, this service will never be started.
256        -->
257        <service
257-->[com.google.android.gms:play-services-auth:19.0.0] AndroidManifest.xml:33:9-37:51